[2025-12-08 19:58:12] ===== Start concatenating resegmented AnnData files =====
[2025-12-08 19:58:12] Input directory: /home/icb/raphael.kfuri-rubens/git/mempel_xenium/resegmentation_adatas
[2025-12-08 19:58:12] Output directory: /home/icb/raphael.kfuri-rubens/git/mempel_xenium/resegmentation_adatas_merged
[2025-12-08 19:58:12] Found 12 .h5ad files: ['resegment_output-XETG00323__0052425__TU_3__20250221__191919.h5ad', 'resegment_output-XETG00323__0052425__TU_aPDL1_3__20250221__191919.h5ad', 'resegment_output-XETG00323__0023214__MCA205_d21__20240809__204811.h5ad', 'resegment_output-XETG00323__0052425__TU_1__20250221__191919.h5ad', 'resegment_output-XETG00323__0023078__MCA205_d2_aPDL1__20240809__204811.h5ad', 'resegment_output-XETG00323__0052328__TU_aPDL1_2__20250221__191919.h5ad', 'resegment_output-XETG00212__0023280__Region_1__20240917__175222_MCA205_d21_.h5ad', 'resegment_output-XETG00323__0023214__MCA205_d14__20240809__204811.h5ad', 'resegment_output-XETG00323__0023078__MCA205_d4_aPDL1__20240809__204811.h5ad', 'resegment_output-XETG00212__0023182__MCA205_d7__20240809__203238.h5ad', 'resegment_output-XETG00323__0052328__TU_aPDL1_1__20250221__191919.h5ad', 'resegment_output-XETG00323__0052425__TU_2__20250221__191919.h5ad']
[2025-12-08 19:58:12] TU files (6): ['resegment_output-XETG00323__0052425__TU_3__20250221__191919.h5ad', 'resegment_output-XETG00323__0052425__TU_aPDL1_3__20250221__191919.h5ad', 'resegment_output-XETG00323__0052425__TU_1__20250221__191919.h5ad', 'resegment_output-XETG00323__0052328__TU_aPDL1_2__20250221__191919.h5ad', 'resegment_output-XETG00323__0052328__TU_aPDL1_1__20250221__191919.h5ad', 'resegment_output-XETG00323__0052425__TU_2__20250221__191919.h5ad']
[2025-12-08 19:58:12] MCA files (6): ['resegment_output-XETG00323__0023214__MCA205_d21__20240809__204811.h5ad', 'resegment_output-XETG00323__0023078__MCA205_d2_aPDL1__20240809__204811.h5ad', 'resegment_output-XETG00212__0023280__Region_1__20240917__175222_MCA205_d21_.h5ad', 'resegment_output-XETG00323__0023214__MCA205_d14__20240809__204811.h5ad', 'resegment_output-XETG00323__0023078__MCA205_d4_aPDL1__20240809__204811.h5ad', 'resegment_output-XETG00212__0023182__MCA205_d7__20240809__203238.h5ad']
[2025-12-08 19:58:12] [TU 1/6] Reading: /home/icb/raphael.kfuri-rubens/git/mempel_xenium/resegmentation_adatas/resegment_output-XETG00323__0052425__TU_3__20250221__191919.h5ad (slide_id=resegment_output-XETG00323__0052425__TU_3__20250221__191919)
[2025-12-08 19:58:14]    Loaded AnnData with shape (692582, 335)
[2025-12-08 19:58:14] [TU 2/6] Reading: /home/icb/raphael.kfuri-rubens/git/mempel_xenium/resegmentation_adatas/resegment_output-XETG00323__0052425__TU_aPDL1_3__20250221__191919.h5ad (slide_id=resegment_output-XETG00323__0052425__TU_aPDL1_3__20250221__191919)
[2025-12-08 19:58:16]    Loaded AnnData with shape (394763, 335)
[2025-12-08 19:58:16] [TU 3/6] Reading: /home/icb/raphael.kfuri-rubens/git/mempel_xenium/resegmentation_adatas/resegment_output-XETG00323__0052425__TU_1__20250221__191919.h5ad (slide_id=resegment_output-XETG00323__0052425__TU_1__20250221__191919)
[2025-12-08 19:58:17]    Loaded AnnData with shape (582731, 335)
[2025-12-08 19:58:17] [TU 4/6] Reading: /home/icb/raphael.kfuri-rubens/git/mempel_xenium/resegmentation_adatas/resegment_output-XETG00323__0052328__TU_aPDL1_2__20250221__191919.h5ad (slide_id=resegment_output-XETG00323__0052328__TU_aPDL1_2__20250221__191919)
[2025-12-08 19:58:19]    Loaded AnnData with shape (638882, 335)
[2025-12-08 19:58:19] [TU 5/6] Reading: /home/icb/raphael.kfuri-rubens/git/mempel_xenium/resegmentation_adatas/resegment_output-XETG00323__0052328__TU_aPDL1_1__20250221__191919.h5ad (slide_id=resegment_output-XETG00323__0052328__TU_aPDL1_1__20250221__191919)
[2025-12-08 19:58:21]    Loaded AnnData with shape (556239, 335)
[2025-12-08 19:58:21] [TU 6/6] Reading: /home/icb/raphael.kfuri-rubens/git/mempel_xenium/resegmentation_adatas/resegment_output-XETG00323__0052425__TU_2__20250221__191919.h5ad (slide_id=resegment_output-XETG00323__0052425__TU_2__20250221__191919)
[2025-12-08 19:58:23]    Loaded AnnData with shape (622199, 335)
[2025-12-08 19:58:23] → Concatenating 6 AnnData objects for group 'TU'...
[2025-12-08 19:58:26]    Resulting merged AnnData shape: (3487396, 335)
[2025-12-08 19:58:26] → Saving TU merged AnnData to: /home/icb/raphael.kfuri-rubens/git/mempel_xenium/resegmentation_adatas_merged/merged_TU.h5ad
[2025-12-08 19:58:55] ✔️ Saved TU merged file: /home/icb/raphael.kfuri-rubens/git/mempel_xenium/resegmentation_adatas_merged/merged_TU.h5ad
[2025-12-08 19:58:55] [MCA 1/6] Reading: /home/icb/raphael.kfuri-rubens/git/mempel_xenium/resegmentation_adatas/resegment_output-XETG00323__0023214__MCA205_d21__20240809__204811.h5ad (slide_id=resegment_output-XETG00323__0023214__MCA205_d21__20240809__204811)
[2025-12-08 19:58:57]    Loaded AnnData with shape (606169, 335)
[2025-12-08 19:58:57] [MCA 2/6] Reading: /home/icb/raphael.kfuri-rubens/git/mempel_xenium/resegmentation_adatas/resegment_output-XETG00323__0023078__MCA205_d2_aPDL1__20240809__204811.h5ad (slide_id=resegment_output-XETG00323__0023078__MCA205_d2_aPDL1__20240809__204811)
[2025-12-08 19:58:59]    Loaded AnnData with shape (588123, 335)
[2025-12-08 19:58:59] [MCA 3/6] Reading: /home/icb/raphael.kfuri-rubens/git/mempel_xenium/resegmentation_adatas/resegment_output-XETG00212__0023280__Region_1__20240917__175222_MCA205_d21_.h5ad (slide_id=resegment_output-XETG00212__0023280__Region_1__20240917__175222_MCA205_d21_)
[2025-12-08 19:59:02]    Loaded AnnData with shape (1000255, 335)
[2025-12-08 19:59:02] [MCA 4/6] Reading: /home/icb/raphael.kfuri-rubens/git/mempel_xenium/resegmentation_adatas/resegment_output-XETG00323__0023214__MCA205_d14__20240809__204811.h5ad (slide_id=resegment_output-XETG00323__0023214__MCA205_d14__20240809__204811)
[2025-12-08 19:59:05]    Loaded AnnData with shape (778776, 335)
[2025-12-08 19:59:05] [MCA 5/6] Reading: /home/icb/raphael.kfuri-rubens/git/mempel_xenium/resegmentation_adatas/resegment_output-XETG00323__0023078__MCA205_d4_aPDL1__20240809__204811.h5ad (slide_id=resegment_output-XETG00323__0023078__MCA205_d4_aPDL1__20240809__204811)
[2025-12-08 19:59:07]    Loaded AnnData with shape (805742, 335)
[2025-12-08 19:59:07] [MCA 6/6] Reading: /home/icb/raphael.kfuri-rubens/git/mempel_xenium/resegmentation_adatas/resegment_output-XETG00212__0023182__MCA205_d7__20240809__203238.h5ad (slide_id=resegment_output-XETG00212__0023182__MCA205_d7__20240809__203238)
[2025-12-08 19:59:08]    Loaded AnnData with shape (260709, 335)
[2025-12-08 19:59:08] → Concatenating 6 AnnData objects for group 'MCA'...
[2025-12-08 19:59:11]    Resulting merged AnnData shape: (4039774, 335)
[2025-12-08 19:59:12] → Saving MCA merged AnnData to: /home/icb/raphael.kfuri-rubens/git/mempel_xenium/resegmentation_adatas_merged/merged_MCA.h5ad
[2025-12-08 19:59:41] ✔️ Saved MCA merged file: /home/icb/raphael.kfuri-rubens/git/mempel_xenium/resegmentation_adatas_merged/merged_MCA.h5ad
[2025-12-08 19:59:41] ===== Done. =====
