/ictstr01/home/icb/raphael.kfuri-rubens/miniforge-pypy3/envs/spatial-env/lib/python3.11/site-packages/dask/dataframe/__init__.py:31: FutureWarning: The legacy Dask DataFrame implementation is deprecated and will be removed in a future version. Set the configuration option `dataframe.query-planning` to `True` or None to enable the new Dask Dataframe implementation and silence this warning.
  warnings.warn(
/ictstr01/home/icb/raphael.kfuri-rubens/miniforge-pypy3/envs/spatial-env/lib/python3.11/site-packages/xarray_schema/__init__.py:1: UserWarning: pkg_resources is deprecated as an API. See https://setuptools.pypa.io/en/latest/pkg_resources.html. The pkg_resources package is slated for removal as early as 2025-11-30. Refrain from using this package or pin to Setuptools<81.
  from pkg_resources import DistributionNotFound, get_distribution
/ictstr01/home/icb/raphael.kfuri-rubens/miniforge-pypy3/envs/spatial-env/lib/python3.11/functools.py:909: ImplicitModificationWarning: Transforming to str index.
  return dispatch(args[0].__class__)(*args, **kw)
/ictstr01/home/icb/raphael.kfuri-rubens/miniforge-pypy3/envs/spatial-env/lib/python3.11/functools.py:909: ImplicitModificationWarning: Transforming to str index.
  return dispatch(args[0].__class__)(*args, **kw)
/ictstr01/home/icb/raphael.kfuri-rubens/miniforge-pypy3/envs/spatial-env/lib/python3.11/functools.py:909: ImplicitModificationWarning: Transforming to str index.
  return dispatch(args[0].__class__)(*args, **kw)
/ictstr01/home/icb/raphael.kfuri-rubens/miniforge-pypy3/envs/spatial-env/lib/python3.11/functools.py:909: ImplicitModificationWarning: Transforming to str index.
  return dispatch(args[0].__class__)(*args, **kw)
/ictstr01/home/icb/raphael.kfuri-rubens/miniforge-pypy3/envs/spatial-env/lib/python3.11/functools.py:909: ImplicitModificationWarning: Transforming to str index.
  return dispatch(args[0].__class__)(*args, **kw)
/ictstr01/home/icb/raphael.kfuri-rubens/miniforge-pypy3/envs/spatial-env/lib/python3.11/functools.py:909: ImplicitModificationWarning: Transforming to str index.
  return dispatch(args[0].__class__)(*args, **kw)
/ictstr01/home/icb/raphael.kfuri-rubens/miniforge-pypy3/envs/spatial-env/lib/python3.11/functools.py:909: ImplicitModificationWarning: Transforming to str index.
  return dispatch(args[0].__class__)(*args, **kw)
/ictstr01/home/icb/raphael.kfuri-rubens/miniforge-pypy3/envs/spatial-env/lib/python3.11/functools.py:909: ImplicitModificationWarning: Transforming to str index.
  return dispatch(args[0].__class__)(*args, **kw)
/ictstr01/home/icb/raphael.kfuri-rubens/miniforge-pypy3/envs/spatial-env/lib/python3.11/functools.py:909: ImplicitModificationWarning: Transforming to str index.
  return dispatch(args[0].__class__)(*args, **kw)
/ictstr01/home/icb/raphael.kfuri-rubens/miniforge-pypy3/envs/spatial-env/lib/python3.11/functools.py:909: ImplicitModificationWarning: Transforming to str index.
  return dispatch(args[0].__class__)(*args, **kw)
/ictstr01/home/icb/raphael.kfuri-rubens/miniforge-pypy3/envs/spatial-env/lib/python3.11/functools.py:909: ImplicitModificationWarning: Transforming to str index.
  return dispatch(args[0].__class__)(*args, **kw)
/ictstr01/home/icb/raphael.kfuri-rubens/miniforge-pypy3/envs/spatial-env/lib/python3.11/functools.py:909: ImplicitModificationWarning: Transforming to str index.
  return dispatch(args[0].__class__)(*args, **kw)
